# JRE version: OpenJDK Runtime Environment (11.0.8+10) (build 11.0.8+10-b944.6842174)
# Java VM: OpenJDK 64-Bit Server VM (11.0.8+10-b944.6842174, mixed mode, tiered, compressed oops, g1 gc, windows-amd64)
Heap:
 garbage-first heap   total 143360K, used 30842K [0x0000000091000000, 0x0000000100000000)
  region size 1024K, 7 young (7168K), 7 survivors (7168K)
 Metaspace       used 45844K, capacity 46407K, committed 46592K, reserved 1089536K
  class space    used 5397K, capacity 5586K, committed 5632K, reserved 1048576K
GC Heap History (9 events):
Event: 0.661 GC heap before
{Heap before GC invocations=0 (full 0):
 garbage-first heap   total 114688K, used 27648K [0x0000000091000000, 0x0000000100000000)
  region size 1024K, 24 young (24576K), 0 survivors (0K)
 Metaspace       used 12280K, capacity 12405K, committed 12544K, reserved 1060864K
  class space    used 1152K, capacity 1174K, committed 1280K, reserved 1048576K
}
Event: 0.665 GC heap after
{Heap after GC invocations=1 (full 0):
 garbage-first heap   total 114688K, used 5648K [0x0000000091000000, 0x0000000100000000)
  region size 1024K, 3 young (3072K), 3 survivors (3072K)
 Metaspace       used 12280K, capacity 12405K, committed 12544K, reserved 1060864K
  class space    used 1152K, capacity 1174K, committed 1280K, reserved 1048576K
}
Event: 1.472 GC heap before
{Heap before GC invocations=1 (full 0):
 garbage-first heap   total 114688K, used 42512K [0x0000000091000000, 0x0000000100000000)
  region size 1024K, 40 young (40960K), 3 survivors (3072K)
 Metaspace       used 20977K, capacity 21201K, committed 21248K, reserved 1069056K
  class space    used 2211K, capacity 2297K, committed 2304K, reserved 1048576K
}
Event: 1.488 GC heap after
{Heap after GC invocations=2 (full 0):
 garbage-first heap   total 114688K, used 9550K [0x0000000091000000, 0x0000000100000000)
  region size 1024K, 7 young (7168K), 7 survivors (7168K)
 Metaspace       used 20977K, capacity 21201K, committed 21248K, reserved 1069056K
  class space    used 2211K, capacity 2297K, committed 2304K, reserved 1048576K
}
Event: 2.664 GC heap before
{Heap before GC invocations=3 (full 0):
 garbage-first heap   total 114688K, used 67918K [0x0000000091000000, 0x0000000100000000)
  region size 1024K, 54 young (55296K), 7 survivors (7168K)
 Metaspace       used 30537K, capacity 31004K, committed 31232K, reserved 1077248K
  class space    used 3576K, capacity 3744K, committed 3840K, reserved 1048576K
}
Event: 2.690 GC heap after
{Heap after GC invocations=4 (full 0):
 garbage-first heap   total 114688K, used 24111K [0x0000000091000000, 0x0000000100000000)
  region size 1024K, 7 young (7168K), 7 survivors (7168K)
 Metaspace       used 30537K, capacity 31004K, committed 31232K, reserved 1077248K
  class space    used 3576K, capacity 3744K, committed 3840K, reserved 1048576K
}
Event: 3.225 GC heap before
{Heap before GC invocations=4 (full 0):
 garbage-first heap   total 114688K, used 48687K [0x0000000091000000, 0x0000000100000000)
  region size 1024K, 30 young (30720K), 7 survivors (7168K)
 Metaspace       used 35195K, capacity 35635K, committed 35840K, reserved 1081344K
  class space    used 4102K, capacity 4263K, committed 4352K, reserved 1048576K
}
Event: 3.245 GC heap after
{Heap after GC invocations=5 (full 0):
 garbage-first heap   total 114688K, used 23936K [0x0000000091000000, 0x0000000100000000)
  region size 1024K, 2 young (2048K), 2 survivors (2048K)
 Metaspace       used 35195K, capacity 35635K, committed 35840K, reserved 1081344K
  class space    used 4102K, capacity 4263K, committed 4352K, reserved 1048576K
}
Event: 4.343 GC heap before
{Heap before GC invocations=6 (full 0):
 garbage-first heap   total 114688K, used 76160K [0x0000000091000000, 0x0000000100000000)
  region size 1024K, 51 young (52224K), 2 survivors (2048K)
 Metaspace       used 45844K, capacity 46407K, committed 46592K, reserved 1089536K
  class space    used 5397K, capacity 5586K, committed 5632K, reserved 1048576K
}

